# JRE version: Java(TM) SE Runtime Environment (8.0_60-b27) (build 1.8.0_60-b27)
# Java VM: Java HotSpot(TM) 64-Bit Server VM (25.60-b23 mixed mode windows-amd64 compressed oops)
Heap:
 PSYoungGen      total 644608K, used 458255K [0x00000000d5580000, 0x00000000ffe00000, 0x0000000100000000)
  eden space 593408K, 72% used [0x00000000d5580000,0x00000000ef78d998,0x00000000f9900000)
  from space 51200K, 58% used [0x00000000fca80000,0x00000000fe7f6508,0x00000000ffc80000)
  to   space 50688K, 0% used [0x00000000f9900000,0x00000000f9900000,0x00000000fca80000)
 ParOldGen       total 1254400K, used 105312K [0x0000000080000000, 0x00000000cc900000, 0x00000000d5580000)
  object space 1254400K, 8% used [0x0000000080000000,0x00000000866d8128,0x00000000cc900000)
 Metaspace       used 118510K, capacity 131526K, committed 131828K, reserved 1161216K
  class space    used 15581K, capacity 19637K, committed 19700K, reserved 1048576K
GC Heap History (10 events):
Event: 40.650 GC heap before
{Heap before GC invocations=12 (full 3):
 PSYoungGen      total 643584K, used 69003K [0x00000000d5580000, 0x0000000100000000, 0x0000000100000000)
  eden space 586240K, 5% used [0x00000000d5580000,0x00000000d73cb390,0x00000000f9200000)
  from space 57344K, 66% used [0x00000000fc800000,0x00000000fed17bf0,0x0000000100000000)
  to   space 55296K, 0% used [0x00000000f9200000,0x00000000f9200000,0x00000000fc800000)
 ParOldGen       total 1129984K, used 82976K [0x0000000080000000, 0x00000000c4f80000, 0x00000000d5580000)
  object space 1129984K, 7% used [0x0000000080000000,0x00000000851082d8,0x00000000c4f80000)
 Metaspace       used 89257K, capacity 99000K, committed 99264K, reserved 1134592K
  class space    used 11843K, capacity 14975K, committed 15092K, reserved 1048576K
Event: 40.674 GC heap after
Heap after GC invocations=12 (full 3):
 PSYoungGen      total 622080K, used 35580K [0x00000000d5580000, 0x00000000ffb00000, 0x0000000100000000)
  eden space 586240K, 0% used [0x00000000d5580000,0x00000000d5580000,0x00000000f9200000)
  from space 35840K, 99% used [0x00000000f9200000,0x00000000fb4bf120,0x00000000fb500000)
  to   space 53760K, 0% used [0x00000000fc680000,0x00000000fc680000,0x00000000ffb00000)
 ParOldGen       total 1129984K, used 82984K [0x0000000080000000, 0x00000000c4f80000, 0x00000000d5580000)
  object space 1129984K, 7% used [0x0000000080000000,0x000000008510a2d8,0x00000000c4f80000)
 Metaspace       used 89257K, capacity 99000K, committed 99264K, reserved 1134592K
  class space    used 11843K, capacity 14975K, committed 15092K, reserved 1048576K
}
Event: 40.694 GC heap before
{Heap before GC invocations=13 (full 3):
 PSYoungGen      total 622080K, used 62410K [0x00000000d5580000, 0x00000000ffb00000, 0x0000000100000000)
  eden space 586240K, 4% used [0x00000000d5580000,0x00000000d6fb3908,0x00000000f9200000)
  from space 35840K, 99% used [0x00000000f9200000,0x00000000fb4bf120,0x00000000fb500000)
  to   space 53760K, 0% used [0x00000000fc680000,0x00000000fc680000,0x00000000ffb00000)
 ParOldGen       total 1129984K, used 82984K [0x0000000080000000, 0x00000000c4f80000, 0x00000000d5580000)
  object space 1129984K, 7% used [0x0000000080000000,0x000000008510a2d8,0x00000000c4f80000)
 Metaspace       used 89481K, capacity 99198K, committed 99520K, reserved 1134592K
  class space    used 11868K, capacity 14977K, committed 15092K, reserved 1048576K
Event: 40.715 GC heap after
Heap after GC invocations=13 (full 3):
 PSYoungGen      total 641536K, used 35590K [0x00000000d5580000, 0x0000000100000000, 0x0000000100000000)
  eden space 587776K, 0% used [0x00000000d5580000,0x00000000d5580000,0x00000000f9380000)
  from space 53760K, 66% used [0x00000000fc680000,0x00000000fe941920,0x00000000ffb00000)
  to   space 52224K, 0% used [0x00000000f9380000,0x00000000f9380000,0x00000000fc680000)
 ParOldGen       total 1129984K, used 82992K [0x0000000080000000, 0x00000000c4f80000, 0x00000000d5580000)
  object space 1129984K, 7% used [0x0000000080000000,0x000000008510c2d8,0x00000000c4f80000)
 Metaspace       used 89481K, capacity 99198K, committed 99520K, reserved 1134592K
  class space    used 11868K, capacity 14977K, committed 15092K, reserved 1048576K
}
Event: 40.727 GC heap before
{Heap before GC invocations=14 (full 3):
 PSYoungGen      total 641536K, used 60436K [0x00000000d5580000, 0x0000000100000000, 0x0000000100000000)
  eden space 587776K, 4% used [0x00000000d5580000,0x00000000d6dc38f8,0x00000000f9380000)
  from space 53760K, 66% used [0x00000000fc680000,0x00000000fe941920,0x00000000ffb00000)
  to   space 52224K, 0% used [0x00000000f9380000,0x00000000f9380000,0x00000000fc680000)
 ParOldGen       total 1129984K, used 82992K [0x0000000080000000, 0x00000000c4f80000, 0x00000000d5580000)
  object space 1129984K, 7% used [0x0000000080000000,0x000000008510c2d8,0x00000000c4f80000)
 Metaspace       used 89696K, capacity 99518K, committed 99596K, reserved 1134592K
  class space    used 11904K, capacity 15041K, committed 15092K, reserved 1048576K
Event: 40.745 GC heap after
Heap after GC invocations=14 (full 3):
 PSYoungGen      total 640000K, used 35926K [0x00000000d5580000, 0x00000000ffc80000, 0x0000000100000000)
  eden space 587776K, 0% used [0x00000000d5580000,0x00000000d5580000,0x00000000f9380000)
  from space 52224K, 68% used [0x00000000f9380000,0x00000000fb695b78,0x00000000fc680000)
  to   space 51200K, 0% used [0x00000000fca80000,0x00000000fca80000,0x00000000ffc80000)
 ParOldGen       total 1129984K, used 83000K [0x0000000080000000, 0x00000000c4f80000, 0x00000000d5580000)
  object space 1129984K, 7% used [0x0000000080000000,0x000000008510e2d8,0x00000000c4f80000)
 Metaspace       used 89696K, capacity 99518K, committed 99596K, reserved 1134592K
  class space    used 11904K, capacity 15041K, committed 15092K, reserved 1048576K
}
Event: 40.745 GC heap before
{Heap before GC invocations=15 (full 4):
 PSYoungGen      total 640000K, used 35926K [0x00000000d5580000, 0x00000000ffc80000, 0x0000000100000000)
  eden space 587776K, 0% used [0x00000000d5580000,0x00000000d5580000,0x00000000f9380000)
  from space 52224K, 68% used [0x00000000f9380000,0x00000000fb695b78,0x00000000fc680000)
  to   space 51200K, 0% used [0x00000000fca80000,0x00000000fca80000,0x00000000ffc80000)
 ParOldGen       total 1129984K, used 83000K [0x0000000080000000, 0x00000000c4f80000, 0x00000000d5580000)
  object space 1129984K, 7% used [0x0000000080000000,0x000000008510e2d8,0x00000000c4f80000)
 Metaspace       used 89696K, capacity 99518K, committed 99596K, reserved 1134592K
  class space    used 11904K, capacity 15041K, committed 15092K, reserved 1048576K
Event: 40.931 GC heap after
Heap after GC invocations=15 (full 4):
 PSYoungGen      total 640000K, used 0K [0x00000000d5580000, 0x00000000ffc80000, 0x0000000100000000)
  eden space 587776K, 0% used [0x00000000d5580000,0x00000000d5580000,0x00000000f9380000)
  from space 52224K, 0% used [0x00000000f9380000,0x00000000f9380000,0x00000000fc680000)
  to   space 51200K, 0% used [0x00000000fca80000,0x00000000fca80000,0x00000000ffc80000)
 ParOldGen       total 1254400K, used 105304K [0x0000000080000000, 0x00000000cc900000, 0x00000000d5580000)
  object space 1254400K, 8% used [0x0000000080000000,0x00000000866d6128,0x00000000cc900000)
 Metaspace       used 89664K, capacity 99476K, committed 99596K, reserved 1134592K
  class space    used 11901K, capacity 15035K, committed 15092K, reserved 1048576K
}
Event: 44.302 GC heap before
{Heap before GC invocations=16 (full 4):
 PSYoungGen      total 640000K, used 587776K [0x00000000d5580000, 0x00000000ffc80000, 0x0000000100000000)
  eden space 587776K, 100% used [0x00000000d5580000,0x00000000f9380000,0x00000000f9380000)
  from space 52224K, 0% used [0x00000000f9380000,0x00000000f9380000,0x00000000fc680000)
  to   space 51200K, 0% used [0x00000000fca80000,0x00000000fca80000,0x00000000ffc80000)
 ParOldGen       total 1254400K, used 105304K [0x0000000080000000, 0x00000000cc900000, 0x00000000d5580000)
  object space 1254400K, 8% used [0x0000000080000000,0x00000000866d6128,0x00000000cc900000)
 Metaspace       used 108831K, capacity 120810K, committed 121076K, reserved 1153024K
  class space    used 14459K, capacity 18148K, committed 18164K, reserved 1048576K
Event: 44.344 GC heap after
Heap after GC invocations=16 (full 4):
 PSYoungGen      total 644608K, used 30169K [0x00000000d5580000, 0x00000000ffe00000, 0x0000000100000000)
  eden space 593408K, 0% used [0x00000000d5580000,0x00000000d5580000,0x00000000f9900000)
  from space 51200K, 58% used [0x00000000fca80000,0x00000000fe7f6508,0x00000000ffc80000)
  to   space 50688K, 0% used [0x00000000f9900000,0x00000000f9900000,0x00000000fca80000)
 ParOldGen       total 1254400K, used 105312K [0x0000000080000000, 0x00000000cc900000, 0x00000000d5580000)
  object space 1254400K, 8% used [0x0000000080000000,0x00000000866d8128,0x00000000cc900000)
 Metaspace       used 108831K, capacity 120810K, committed 121076K, reserved 1153024K
  class space    used 14459K, capacity 18148K, committed 18164K, reserved 1048576K
}

